<?xml version="1.0" encoding="UTF-8"?>
<!-- Generated by org.testng.reporters.JUnitReportReporter -->
<testsuite skipped="0" hostname="BLT144" name="testcases.alaska_home_testcase" tests="1" failures="0" timestamp="11 Mar 2020 11:08:12 GMT" time="87.107" errors="0">
  <testcase name="login" time="87.107" classname="testcases.alaska_home_testcase"/>
</testsuite> <!-- testcases.alaska_home_testcase -->
